<?xml version="1.0" encoding="UTF-8"?>
<!-- Generated by org.testng.reporters.JUnitXMLReporter -->
<testsuite hostname="LAPTOP-PDT2HLRG" ignored="0" name="eBaytests" tests="5" failures="2" timestamp="2020-05-18T18:04:05 GMT+03:00" time="50.916" errors="0">
  <testcase name="appLaunchValidation" time="3.565" classname="tests.eBayTestCase"/>
  <testcase name="search" time="12.741" classname="tests.eBayTestCase"/>
  <testcase name="selectRandomOption" time="14.965" classname="tests.eBayTestCase"/>
  <testcase name="validateProductDetails" time="1.161" classname="tests.eBayTestCase">
    <failure type="org.openqa.selenium.WebDriverException" message="An unknown server-side error occurred while processing the command. Original error: Could not proxy command to remote server. Original error: Error: read ECONNRESET
Build info: version: &amp;apos;3.141.59&amp;apos;, revision: &amp;apos;e82be7d358&amp;apos;, time: &amp;apos;2018-11-14T08:17:03&amp;apos;
System info: host: &amp;apos;LAPTOP-PDT2HLRG&amp;apos;, ip: &amp;apos;26.219.115.223&amp;apos;, os.name: &amp;apos;Windows 10&amp;apos;, os.arch: &amp;apos;amd64&amp;apos;, os.version: &amp;apos;10.0&amp;apos;, java.version: &amp;apos;1.8.0_181&amp;apos;
Driver info: io.appium.java_client.android.AndroidDriver
Capabilities {appActivity: com.ebay.mobile.activities...., appPackage: com.ebay.mobile, databaseEnabled: false, desired: {appActivity: com.ebay.mobile.activities...., appPackage: com.ebay.mobile, deviceName: SamsungM31, noReset: true, platformName: android, platformVersion: 10, udid: RZ8N306D8TM}, deviceApiLevel: 29, deviceManufacturer: samsung, deviceModel: SM-M315F, deviceName: RZ8N306D8TM, deviceScreenDensity: 420, deviceScreenSize: 1080x2340, deviceUDID: RZ8N306D8TM, javascriptEnabled: true, locationContextEnabled: false, networkConnectionEnabled: true, noReset: true, pixelRatio: 2.625, platform: LINUX, platformName: ANDROID, platformVersion: 10, statBarHeight: 78, takesScreenshot: true, udid: RZ8N306D8TM, viewportRect: {height: 2053, left: 0, top: 78, width: 1080}, warnings: {}, webStorageEnabled: false}
Session ID: a6b06167-26bf-4e50-8db1-365f88aad7f3
*** Element info: {Using=xpath, value=//android.widget.ImageView[@resource-id=&amp;apos;com.ebay.mobile:id/imageview_image&amp;apos;]}">
      <![CDATA[org.openqa.selenium.WebDriverException: An unknown server-side error occurred while processing the command. Original error: Could not proxy command to remote server. Original error: Error: read ECONNRESET
Build info: version: '3.141.59', revision: 'e82be7d358', time: '2018-11-14T08:17:03'
System info: host: 'LAPTOP-PDT2HLRG', ip: '26.219.115.223', os.name: 'Windows 10', os.arch: 'amd64', os.version: '10.0', java.version: '1.8.0_181'
Driver info: io.appium.java_client.android.AndroidDriver
Capabilities {appActivity: com.ebay.mobile.activities...., appPackage: com.ebay.mobile, databaseEnabled: false, desired: {appActivity: com.ebay.mobile.activities...., appPackage: com.ebay.mobile, deviceName: SamsungM31, noReset: true, platformName: android, platformVersion: 10, udid: RZ8N306D8TM}, deviceApiLevel: 29, deviceManufacturer: samsung, deviceModel: SM-M315F, deviceName: RZ8N306D8TM, deviceScreenDensity: 420, deviceScreenSize: 1080x2340, deviceUDID: RZ8N306D8TM, javascriptEnabled: true, locationContextEnabled: false, networkConnectionEnabled: true, noReset: true, pixelRatio: 2.625, platform: LINUX, platformName: ANDROID, platformVersion: 10, statBarHeight: 78, takesScreenshot: true, udid: RZ8N306D8TM, viewportRect: {height: 2053, left: 0, top: 78, width: 1080}, warnings: {}, webStorageEnabled: false}
Session ID: a6b06167-26bf-4e50-8db1-365f88aad7f3
*** Element info: {Using=xpath, value=//android.widget.ImageView[@resource-id='com.ebay.mobile:id/imageview_image']}
at org.openqa.selenium.remote.http.W3CHttpResponseCodec.createException(W3CHttpResponseCodec.java:187)
at org.openqa.selenium.remote.http.W3CHttpResponseCodec.decode(W3CHttpResponseCodec.java:122)
at org.openqa.selenium.remote.http.W3CHttpResponseCodec.decode(W3CHttpResponseCodec.java:49)
at org.openqa.selenium.remote.HttpCommandExecutor.execute(HttpCommandExecutor.java:158)
at io.appium.java_client.remote.AppiumCommandExecutor.execute(AppiumCommandExecutor.java:239)
at org.openqa.selenium.remote.RemoteWebDriver.execute(RemoteWebDriver.java:552)
at io.appium.java_client.DefaultGenericMobileDriver.execute(DefaultGenericMobileDriver.java:41)
at io.appium.java_client.AppiumDriver.execute(AppiumDriver.java:1)
at io.appium.java_client.android.AndroidDriver.execute(AndroidDriver.java:1)
at org.openqa.selenium.remote.RemoteWebDriver.findElement(RemoteWebDriver.java:323)
at io.appium.java_client.DefaultGenericMobileDriver.findElement(DefaultGenericMobileDriver.java:61)
at io.appium.java_client.AppiumDriver.findElement(AppiumDriver.java:1)
at io.appium.java_client.android.AndroidDriver.findElement(AndroidDriver.java:1)
at org.openqa.selenium.remote.RemoteWebDriver.findElementByXPath(RemoteWebDriver.java:428)
at io.appium.java_client.DefaultGenericMobileDriver.findElementByXPath(DefaultGenericMobileDriver.java:151)
at io.appium.java_client.AppiumDriver.findElementByXPath(AppiumDriver.java:1)
at io.appium.java_client.android.AndroidDriver.findElementByXPath(AndroidDriver.java:1)
at org.openqa.selenium.By$ByXPath.findElement(By.java:353)
at org.openqa.selenium.remote.RemoteWebDriver.findElement(RemoteWebDriver.java:315)
at io.appium.java_client.DefaultGenericMobileDriver.findElement(DefaultGenericMobileDriver.java:57)
at io.appium.java_client.AppiumDriver.findElement(AppiumDriver.java:1)
at io.appium.java_client.android.AndroidDriver.findElement(AndroidDriver.java:1)
at tests.eBayTestCase.validateProductDetails(eBayTestCase.java:101)
at java.util.ArrayList.forEach(ArrayList.java:1257)
... Removed 31 stack frames]]>
    </failure>
  </testcase> <!-- validateProductDetails -->
  <testcase name="Checkout" time="0.019" classname="tests.eBayTestCase">
    <failure type="org.openqa.selenium.WebDriverException" message="An unknown server-side error occurred while processing the command. Original error: Could not proxy command to remote server. Original error: Error: read ECONNRESET
Build info: version: &amp;apos;3.141.59&amp;apos;, revision: &amp;apos;e82be7d358&amp;apos;, time: &amp;apos;2018-11-14T08:17:03&amp;apos;
System info: host: &amp;apos;LAPTOP-PDT2HLRG&amp;apos;, ip: &amp;apos;26.219.115.223&amp;apos;, os.name: &amp;apos;Windows 10&amp;apos;, os.arch: &amp;apos;amd64&amp;apos;, os.version: &amp;apos;10.0&amp;apos;, java.version: &amp;apos;1.8.0_181&amp;apos;
Driver info: io.appium.java_client.android.AndroidDriver
Capabilities {appActivity: com.ebay.mobile.activities...., appPackage: com.ebay.mobile, databaseEnabled: false, desired: {appActivity: com.ebay.mobile.activities...., appPackage: com.ebay.mobile, deviceName: SamsungM31, noReset: true, platformName: android, platformVersion: 10, udid: RZ8N306D8TM}, deviceApiLevel: 29, deviceManufacturer: samsung, deviceModel: SM-M315F, deviceName: RZ8N306D8TM, deviceScreenDensity: 420, deviceScreenSize: 1080x2340, deviceUDID: RZ8N306D8TM, javascriptEnabled: true, locationContextEnabled: false, networkConnectionEnabled: true, noReset: true, pixelRatio: 2.625, platform: LINUX, platformName: ANDROID, platformVersion: 10, statBarHeight: 78, takesScreenshot: true, udid: RZ8N306D8TM, viewportRect: {height: 2053, left: 0, top: 78, width: 1080}, warnings: {}, webStorageEnabled: false}
Session ID: a6b06167-26bf-4e50-8db1-365f88aad7f3
*** Element info: {Using=xpath, value=//android.widget.Button[@resource-id=&amp;apos;com.ebay.mobile:id/cta_button&amp;apos;]}">
      <![CDATA[org.openqa.selenium.WebDriverException: An unknown server-side error occurred while processing the command. Original error: Could not proxy command to remote server. Original error: Error: read ECONNRESET
Build info: version: '3.141.59', revision: 'e82be7d358', time: '2018-11-14T08:17:03'
System info: host: 'LAPTOP-PDT2HLRG', ip: '26.219.115.223', os.name: 'Windows 10', os.arch: 'amd64', os.version: '10.0', java.version: '1.8.0_181'
Driver info: io.appium.java_client.android.AndroidDriver
Capabilities {appActivity: com.ebay.mobile.activities...., appPackage: com.ebay.mobile, databaseEnabled: false, desired: {appActivity: com.ebay.mobile.activities...., appPackage: com.ebay.mobile, deviceName: SamsungM31, noReset: true, platformName: android, platformVersion: 10, udid: RZ8N306D8TM}, deviceApiLevel: 29, deviceManufacturer: samsung, deviceModel: SM-M315F, deviceName: RZ8N306D8TM, deviceScreenDensity: 420, deviceScreenSize: 1080x2340, deviceUDID: RZ8N306D8TM, javascriptEnabled: true, locationContextEnabled: false, networkConnectionEnabled: true, noReset: true, pixelRatio: 2.625, platform: LINUX, platformName: ANDROID, platformVersion: 10, statBarHeight: 78, takesScreenshot: true, udid: RZ8N306D8TM, viewportRect: {height: 2053, left: 0, top: 78, width: 1080}, warnings: {}, webStorageEnabled: false}
Session ID: a6b06167-26bf-4e50-8db1-365f88aad7f3
*** Element info: {Using=xpath, value=//android.widget.Button[@resource-id='com.ebay.mobile:id/cta_button']}
at org.openqa.selenium.remote.http.W3CHttpResponseCodec.createException(W3CHttpResponseCodec.java:187)
at org.openqa.selenium.remote.http.W3CHttpResponseCodec.decode(W3CHttpResponseCodec.java:122)
at org.openqa.selenium.remote.http.W3CHttpResponseCodec.decode(W3CHttpResponseCodec.java:49)
at org.openqa.selenium.remote.HttpCommandExecutor.execute(HttpCommandExecutor.java:158)
at io.appium.java_client.remote.AppiumCommandExecutor.execute(AppiumCommandExecutor.java:239)
at org.openqa.selenium.remote.RemoteWebDriver.execute(RemoteWebDriver.java:552)
at io.appium.java_client.DefaultGenericMobileDriver.execute(DefaultGenericMobileDriver.java:41)
at io.appium.java_client.AppiumDriver.execute(AppiumDriver.java:1)
at io.appium.java_client.android.AndroidDriver.execute(AndroidDriver.java:1)
at org.openqa.selenium.remote.RemoteWebDriver.findElement(RemoteWebDriver.java:323)
at io.appium.java_client.DefaultGenericMobileDriver.findElement(DefaultGenericMobileDriver.java:61)
at io.appium.java_client.AppiumDriver.findElement(AppiumDriver.java:1)
at io.appium.java_client.android.AndroidDriver.findElement(AndroidDriver.java:1)
at org.openqa.selenium.remote.RemoteWebDriver.findElementByXPath(RemoteWebDriver.java:428)
at io.appium.java_client.DefaultGenericMobileDriver.findElementByXPath(DefaultGenericMobileDriver.java:151)
at io.appium.java_client.AppiumDriver.findElementByXPath(AppiumDriver.java:1)
at io.appium.java_client.android.AndroidDriver.findElementByXPath(AndroidDriver.java:1)
at org.openqa.selenium.By$ByXPath.findElement(By.java:353)
at org.openqa.selenium.remote.RemoteWebDriver.findElement(RemoteWebDriver.java:315)
at io.appium.java_client.DefaultGenericMobileDriver.findElement(DefaultGenericMobileDriver.java:57)
at io.appium.java_client.AppiumDriver.findElement(AppiumDriver.java:1)
at io.appium.java_client.android.AndroidDriver.findElement(AndroidDriver.java:1)
at tests.eBayTestCase.Checkout(eBayTestCase.java:130)
at java.util.ArrayList.forEach(ArrayList.java:1257)
... Removed 31 stack frames]]>
    </failure>
  </testcase> <!-- Checkout -->
</testsuite> <!-- eBaytests -->
